
> my-v0-project@0.1.0 build
> prisma generate && next build

Prisma schema loaded from prisma/schema.prisma

✔ Generated Prisma Client (v6.9.0) to ./node_modules/@prisma/client in 106ms

Start by importing your Prisma Client (See: https://pris.ly/d/importing-client)

Tip: Interested in query caching in just a few lines of code? Try Accelerate today! https://pris.ly/tip-3-accelerate

   ▲ Next.js 15.3.3

   Creating an optimized production build ...
 ✓ Compiled successfully in 4.0s
   Skipping validation of types
   Skipping linting
   Collecting page data ...
   Generating static pages (0/50) ...
Error occurred prerendering page "/_not-found". Read more: https://nextjs.org/docs/messages/prerender-error
Error: Attempted to call useToast() from the server but useToast is on the client. It's not possible to invoke a client function from the server, it can only be rendered as a Component or passed to props of a Client Component.
    at /Users/harshalpimpalshende/VSCode and IDE/Bill-Bridge/BB/Bill-Bridge-main/.next/server/chunks/5348.js:1:10582
    at w (/Users/harshalpimpalshende/VSCode and IDE/Bill-Bridge/BB/Bill-Bridge-main/.next/server/chunks/5348.js:1:6539)
    at ek (/Users/harshalpimpalshende/VSCode and IDE/Bill-Bridge/BB/Bill-Bridge-main/node_modules/next/dist/compiled/next-server/app-page.runtime.prod.js:17:13337)
    at e (/Users/harshalpimpalshende/VSCode and IDE/Bill-Bridge/BB/Bill-Bridge-main/node_modules/next/dist/compiled/next-server/app-page.runtime.prod.js:17:17246)
    at e$ (/Users/harshalpimpalshende/VSCode and IDE/Bill-Bridge/BB/Bill-Bridge-main/node_modules/next/dist/compiled/next-server/app-page.runtime.prod.js:17:17708)
    at Array.toJSON (/Users/harshalpimpalshende/VSCode and IDE/Bill-Bridge/BB/Bill-Bridge-main/node_modules/next/dist/compiled/next-server/app-page.runtime.prod.js:17:14854)
    at stringify (<anonymous>)
    at eF (/Users/harshalpimpalshende/VSCode and IDE/Bill-Bridge/BB/Bill-Bridge-main/node_modules/next/dist/compiled/next-server/app-page.runtime.prod.js:17:26079)
    at eq (/Users/harshalpimpalshende/VSCode and IDE/Bill-Bridge/BB/Bill-Bridge-main/node_modules/next/dist/compiled/next-server/app-page.runtime.prod.js:17:26391)
    at ez (/Users/harshalpimpalshende/VSCode and IDE/Bill-Bridge/BB/Bill-Bridge-main/node_modules/next/dist/compiled/next-server/app-page.runtime.prod.js:17:26887)
Export encountered an error on /_not-found/page: /_not-found, exiting the build.
 ⨯ Next.js build worker exited with code: 1 and signal: null
